<?xml version="1.0" encoding="UTF-8"?>
<testsuite xmlns:xsi="http://www.w3.org/2001/XMLSchema-instance" xsi:noNamespaceSchemaLocation="https://maven.apache.org/surefire/maven-surefire-plugin/xsd/surefire-test-report-3.0.xsd" version="3.0" name="runner.TestRunner" time="92.624" tests="10" errors="0" skipped="0" failures="0">
  <properties>
    <property name="java.specification.version" value="16"/>
    <property name="sun.cpu.isalist" value="amd64"/>
    <property name="sun.jnu.encoding" value="Cp1252"/>
    <property name="java.class.path" value="C:\Users\prave\eclipse-workspace\Comprehensive_BBD_Framework\target\test-classes;C:\Users\prave\eclipse-workspace\Comprehensive_BBD_Framework\target\classes;C:\Users\prave\.m2\repository\org\seleniumhq\selenium\selenium-java\3.141.59\selenium-java-3.141.59.jar;C:\Users\prave\.m2\repository\org\seleniumhq\selenium\selenium-api\3.141.59\selenium-api-3.141.59.jar;C:\Users\prave\.m2\repository\org\seleniumhq\selenium\selenium-chrome-driver\3.141.59\selenium-chrome-driver-3.141.59.jar;C:\Users\prave\.m2\repository\org\seleniumhq\selenium\selenium-edge-driver\3.141.59\selenium-edge-driver-3.141.59.jar;C:\Users\prave\.m2\repository\org\seleniumhq\selenium\selenium-firefox-driver\3.141.59\selenium-firefox-driver-3.141.59.jar;C:\Users\prave\.m2\repository\org\seleniumhq\selenium\selenium-ie-driver\3.141.59\selenium-ie-driver-3.141.59.jar;C:\Users\prave\.m2\repository\org\seleniumhq\selenium\selenium-opera-driver\3.141.59\selenium-opera-driver-3.141.59.jar;C:\Users\prave\.m2\repository\org\seleniumhq\selenium\selenium-remote-driver\3.141.59\selenium-remote-driver-3.141.59.jar;C:\Users\prave\.m2\repository\org\seleniumhq\selenium\selenium-safari-driver\3.141.59\selenium-safari-driver-3.141.59.jar;C:\Users\prave\.m2\repository\org\seleniumhq\selenium\selenium-support\3.141.59\selenium-support-3.141.59.jar;C:\Users\prave\.m2\repository\net\bytebuddy\byte-buddy\1.8.15\byte-buddy-1.8.15.jar;C:\Users\prave\.m2\repository\org\apache\commons\commons-exec\1.3\commons-exec-1.3.jar;C:\Users\prave\.m2\repository\com\google\guava\guava\25.0-jre\guava-25.0-jre.jar;C:\Users\prave\.m2\repository\com\google\code\findbugs\jsr305\1.3.9\jsr305-1.3.9.jar;C:\Users\prave\.m2\repository\org\checkerframework\checker-compat-qual\2.0.0\checker-compat-qual-2.0.0.jar;C:\Users\prave\.m2\repository\com\google\errorprone\error_prone_annotations\2.1.3\error_prone_annotations-2.1.3.jar;C:\Users\prave\.m2\repository\com\google\j2objc\j2objc-annotations\1.1\j2objc-annotations-1.1.jar;C:\Users\prave\.m2\repository\org\codehaus\mojo\animal-sniffer-annotations\1.14\animal-sniffer-annotations-1.14.jar;C:\Users\prave\.m2\repository\com\squareup\okhttp3\okhttp\3.11.0\okhttp-3.11.0.jar;C:\Users\prave\.m2\repository\com\squareup\okio\okio\1.14.0\okio-1.14.0.jar;C:\Users\prave\.m2\repository\org\apache\poi\poi-ooxml\5.2.0\poi-ooxml-5.2.0.jar;C:\Users\prave\.m2\repository\org\apache\poi\poi-ooxml-lite\5.2.0\poi-ooxml-lite-5.2.0.jar;C:\Users\prave\.m2\repository\org\apache\xmlbeans\xmlbeans\5.0.3\xmlbeans-5.0.3.jar;C:\Users\prave\.m2\repository\org\apache\commons\commons-compress\1.21\commons-compress-1.21.jar;C:\Users\prave\.m2\repository\commons-io\commons-io\2.11.0\commons-io-2.11.0.jar;C:\Users\prave\.m2\repository\com\github\virtuald\curvesapi\1.06\curvesapi-1.06.jar;C:\Users\prave\.m2\repository\org\apache\logging\log4j\log4j-api\2.17.1\log4j-api-2.17.1.jar;C:\Users\prave\.m2\repository\org\apache\commons\commons-collections4\4.4\commons-collections4-4.4.jar;C:\Users\prave\.m2\repository\org\apache\poi\poi\5.2.0\poi-5.2.0.jar;C:\Users\prave\.m2\repository\commons-codec\commons-codec\1.15\commons-codec-1.15.jar;C:\Users\prave\.m2\repository\org\apache\commons\commons-math3\3.6.1\commons-math3-3.6.1.jar;C:\Users\prave\.m2\repository\com\zaxxer\SparseBitSet\1.2\SparseBitSet-1.2.jar;C:\Users\prave\.m2\repository\log4j\log4j\1.2.17\log4j-1.2.17.jar;C:\Users\prave\.m2\repository\tech\grasshopper\extentreports-cucumber6-adapter\2.9.0\extentreports-cucumber6-adapter-2.9.0.jar;C:\Users\prave\.m2\repository\com\aventstack\extentreports\5.0.9\extentreports-5.0.9.jar;C:\Users\prave\.m2\repository\io\reactivex\rxjava3\rxjava\3.0.4\rxjava-3.0.4.jar;C:\Users\prave\.m2\repository\org\reactivestreams\reactive-streams\1.0.3\reactive-streams-1.0.3.jar;C:\Users\prave\.m2\repository\org\freemarker\freemarker\2.3.30\freemarker-2.3.30.jar;C:\Users\prave\.m2\repository\org\projectlombok\lombok\1.18.12\lombok-1.18.12.jar;C:\Users\prave\.m2\repository\com\google\code\gson\gson\2.8.6\gson-2.8.6.jar;C:\Users\prave\.m2\repository\tech\grasshopper\extent-pdf-report\1.7.4\extent-pdf-report-1.7.4.jar;C:\Users\prave\.m2\repository\tech\grasshopper\cucumber-pdf-report\2.2.4\cucumber-pdf-report-2.2.4.jar;C:\Users\prave\.m2\repository\org\apache\pdfbox\pdfbox\2.0.22\pdfbox-2.0.22.jar;C:\Users\prave\.m2\repository\org\apache\pdfbox\fontbox\2.0.22\fontbox-2.0.22.jar;C:\Users\prave\.m2\repository\org\knowm\xchart\xchart\3.8.0\xchart-3.8.0.jar;C:\Users\prave\.m2\repository\de\erichseifert\vectorgraphics2d\VectorGraphics2D\0.13\VectorGraphics2D-0.13.jar;C:\Users\prave\.m2\repository\de\rototor\pdfbox\graphics2d\0.30\graphics2d-0.30.jar;C:\Users\prave\.m2\repository\com\madgag\animated-gif-lib\1.4\animated-gif-lib-1.4.jar;C:\Users\prave\.m2\repository\org\yaml\snakeyaml\1.28\snakeyaml-1.28.jar;C:\Users\prave\.m2\repository\tech\grasshopper\table-layout\1.2.0\table-layout-1.2.0.jar;C:\Users\prave\.m2\repository\org\jsoup\jsoup\1.13.1\jsoup-1.13.1.jar;C:\Users\prave\.m2\repository\com\aventstack\klov-reporter\5.0.9\klov-reporter-5.0.9.jar;C:\Users\prave\.m2\repository\org\mongodb\bson\3.6.4\bson-3.6.4.jar;C:\Users\prave\.m2\repository\org\apache\httpcomponents\httpclient\4.5.13\httpclient-4.5.13.jar;C:\Users\prave\.m2\repository\org\apache\httpcomponents\httpcore\4.4.13\httpcore-4.4.13.jar;C:\Users\prave\.m2\repository\commons-logging\commons-logging\1.2\commons-logging-1.2.jar;C:\Users\prave\.m2\repository\org\apache\httpcomponents\httpmime\4.5.13\httpmime-4.5.13.jar;C:\Users\prave\.m2\repository\tech\grasshopper\htmlextentreporter\1.0.0\htmlextentreporter-1.0.0.jar;C:\Users\prave\.m2\repository\org\mongodb\mongodb-driver\3.3.0\mongodb-driver-3.3.0.jar;C:\Users\prave\.m2\repository\org\mongodb\mongodb-driver-core\3.3.0\mongodb-driver-core-3.3.0.jar;C:\Users\prave\.m2\repository\io\cucumber\cucumber-junit\4.2.3\cucumber-junit-4.2.3.jar;C:\Users\prave\.m2\repository\io\cucumber\cucumber-core\4.2.3\cucumber-core-4.2.3.jar;C:\Users\prave\.m2\repository\io\cucumber\cucumber-html\0.2.7\cucumber-html-0.2.7.jar;C:\Users\prave\.m2\repository\io\cucumber\gherkin\5.1.0\gherkin-5.1.0.jar;C:\Users\prave\.m2\repository\io\cucumber\tag-expressions\1.1.1\tag-expressions-1.1.1.jar;C:\Users\prave\.m2\repository\io\cucumber\cucumber-expressions\6.2.0\cucumber-expressions-6.2.0.jar;C:\Users\prave\.m2\repository\io\cucumber\datatable\1.1.12\datatable-1.1.12.jar;C:\Users\prave\.m2\repository\io\cucumber\datatable-dependencies\1.1.12\datatable-dependencies-1.1.12.jar;C:\Users\prave\.m2\repository\io\cucumber\cucumber-java\4.2.3\cucumber-java-4.2.3.jar;C:\Users\prave\.m2\repository\junit\junit\4.13.1\junit-4.13.1.jar;C:\Users\prave\.m2\repository\org\hamcrest\hamcrest-core\1.3\hamcrest-core-1.3.jar;C:\Users\prave\.m2\repository\org\apache\maven\plugins\maven-compiler-plugin\3.10.1\maven-compiler-plugin-3.10.1.jar;C:\Users\prave\.m2\repository\org\apache\maven\shared\maven-shared-utils\3.3.4\maven-shared-utils-3.3.4.jar;C:\Users\prave\.m2\repository\org\apache\maven\shared\maven-shared-incremental\1.1\maven-shared-incremental-1.1.jar;C:\Users\prave\.m2\repository\org\codehaus\plexus\plexus-component-annotations\1.5.5\plexus-component-annotations-1.5.5.jar;C:\Users\prave\.m2\repository\org\codehaus\plexus\plexus-java\1.1.1\plexus-java-1.1.1.jar;C:\Users\prave\.m2\repository\org\ow2\asm\asm\9.2\asm-9.2.jar;C:\Users\prave\.m2\repository\com\thoughtworks\qdox\qdox\2.0.1\qdox-2.0.1.jar;C:\Users\prave\.m2\repository\org\codehaus\plexus\plexus-compiler-api\2.11.1\plexus-compiler-api-2.11.1.jar;C:\Users\prave\.m2\repository\org\codehaus\plexus\plexus-utils\3.4.1\plexus-utils-3.4.1.jar;C:\Users\prave\.m2\repository\org\codehaus\plexus\plexus-compiler-manager\2.11.1\plexus-compiler-manager-2.11.1.jar;C:\Users\prave\.m2\repository\org\codehaus\plexus\plexus-compiler-javac\2.11.1\plexus-compiler-javac-2.11.1.jar;"/>
    <property name="java.vm.vendor" value="Oracle Corporation"/>
    <property name="sun.arch.data.model" value="64"/>
    <property name="user.variant" value=""/>
    <property name="java.vendor.url" value="https://java.oracle.com/"/>
    <property name="user.timezone" value="Asia/Calcutta"/>
    <property name="os.name" value="Windows 10"/>
    <property name="java.vm.specification.version" value="16"/>
    <property name="sun.java.launcher" value="SUN_STANDARD"/>
    <property name="user.country" value="IN"/>
    <property name="sun.boot.library.path" value="C:\Users\prave\.p2\pool\plugins\org.eclipse.justj.openjdk.hotspot.jre.full.win32.x86_64_16.0.2.v20210721-1149\jre\bin"/>
    <property name="sun.java.command" value="C:\Users\prave\AppData\Local\Temp\surefire12687993017296706144\surefirebooter16223864533269776630.jar C:\Users\prave\AppData\Local\Temp\surefire12687993017296706144 2022-03-26T08-55-43_336-jvmRun1 surefire6804960745234685506tmp surefire_03374091762241208509tmp"/>
    <property name="jdk.debug" value="release"/>
    <property name="surefire.test.class.path" value="C:\Users\prave\eclipse-workspace\Comprehensive_BBD_Framework\target\test-classes;C:\Users\prave\eclipse-workspace\Comprehensive_BBD_Framework\target\classes;C:\Users\prave\.m2\repository\org\seleniumhq\selenium\selenium-java\3.141.59\selenium-java-3.141.59.jar;C:\Users\prave\.m2\repository\org\seleniumhq\selenium\selenium-api\3.141.59\selenium-api-3.141.59.jar;C:\Users\prave\.m2\repository\org\seleniumhq\selenium\selenium-chrome-driver\3.141.59\selenium-chrome-driver-3.141.59.jar;C:\Users\prave\.m2\repository\org\seleniumhq\selenium\selenium-edge-driver\3.141.59\selenium-edge-driver-3.141.59.jar;C:\Users\prave\.m2\repository\org\seleniumhq\selenium\selenium-firefox-driver\3.141.59\selenium-firefox-driver-3.141.59.jar;C:\Users\prave\.m2\repository\org\seleniumhq\selenium\selenium-ie-driver\3.141.59\selenium-ie-driver-3.141.59.jar;C:\Users\prave\.m2\repository\org\seleniumhq\selenium\selenium-opera-driver\3.141.59\selenium-opera-driver-3.141.59.jar;C:\Users\prave\.m2\repository\org\seleniumhq\selenium\selenium-remote-driver\3.141.59\selenium-remote-driver-3.141.59.jar;C:\Users\prave\.m2\repository\org\seleniumhq\selenium\selenium-safari-driver\3.141.59\selenium-safari-driver-3.141.59.jar;C:\Users\prave\.m2\repository\org\seleniumhq\selenium\selenium-support\3.141.59\selenium-support-3.141.59.jar;C:\Users\prave\.m2\repository\net\bytebuddy\byte-buddy\1.8.15\byte-buddy-1.8.15.jar;C:\Users\prave\.m2\repository\org\apache\commons\commons-exec\1.3\commons-exec-1.3.jar;C:\Users\prave\.m2\repository\com\google\guava\guava\25.0-jre\guava-25.0-jre.jar;C:\Users\prave\.m2\repository\com\google\code\findbugs\jsr305\1.3.9\jsr305-1.3.9.jar;C:\Users\prave\.m2\repository\org\checkerframework\checker-compat-qual\2.0.0\checker-compat-qual-2.0.0.jar;C:\Users\prave\.m2\repository\com\google\errorprone\error_prone_annotations\2.1.3\error_prone_annotations-2.1.3.jar;C:\Users\prave\.m2\repository\com\google\j2objc\j2objc-annotations\1.1\j2objc-annotations-1.1.jar;C:\Users\prave\.m2\repository\org\codehaus\mojo\animal-sniffer-annotations\1.14\animal-sniffer-annotations-1.14.jar;C:\Users\prave\.m2\repository\com\squareup\okhttp3\okhttp\3.11.0\okhttp-3.11.0.jar;C:\Users\prave\.m2\repository\com\squareup\okio\okio\1.14.0\okio-1.14.0.jar;C:\Users\prave\.m2\repository\org\apache\poi\poi-ooxml\5.2.0\poi-ooxml-5.2.0.jar;C:\Users\prave\.m2\repository\org\apache\poi\poi-ooxml-lite\5.2.0\poi-ooxml-lite-5.2.0.jar;C:\Users\prave\.m2\repository\org\apache\xmlbeans\xmlbeans\5.0.3\xmlbeans-5.0.3.jar;C:\Users\prave\.m2\repository\org\apache\commons\commons-compress\1.21\commons-compress-1.21.jar;C:\Users\prave\.m2\repository\commons-io\commons-io\2.11.0\commons-io-2.11.0.jar;C:\Users\prave\.m2\repository\com\github\virtuald\curvesapi\1.06\curvesapi-1.06.jar;C:\Users\prave\.m2\repository\org\apache\logging\log4j\log4j-api\2.17.1\log4j-api-2.17.1.jar;C:\Users\prave\.m2\repository\org\apache\commons\commons-collections4\4.4\commons-collections4-4.4.jar;C:\Users\prave\.m2\repository\org\apache\poi\poi\5.2.0\poi-5.2.0.jar;C:\Users\prave\.m2\repository\commons-codec\commons-codec\1.15\commons-codec-1.15.jar;C:\Users\prave\.m2\repository\org\apache\commons\commons-math3\3.6.1\commons-math3-3.6.1.jar;C:\Users\prave\.m2\repository\com\zaxxer\SparseBitSet\1.2\SparseBitSet-1.2.jar;C:\Users\prave\.m2\repository\log4j\log4j\1.2.17\log4j-1.2.17.jar;C:\Users\prave\.m2\repository\tech\grasshopper\extentreports-cucumber6-adapter\2.9.0\extentreports-cucumber6-adapter-2.9.0.jar;C:\Users\prave\.m2\repository\com\aventstack\extentreports\5.0.9\extentreports-5.0.9.jar;C:\Users\prave\.m2\repository\io\reactivex\rxjava3\rxjava\3.0.4\rxjava-3.0.4.jar;C:\Users\prave\.m2\repository\org\reactivestreams\reactive-streams\1.0.3\reactive-streams-1.0.3.jar;C:\Users\prave\.m2\repository\org\freemarker\freemarker\2.3.30\freemarker-2.3.30.jar;C:\Users\prave\.m2\repository\org\projectlombok\lombok\1.18.12\lombok-1.18.12.jar;C:\Users\prave\.m2\repository\com\google\code\gson\gson\2.8.6\gson-2.8.6.jar;C:\Users\prave\.m2\repository\tech\grasshopper\extent-pdf-report\1.7.4\extent-pdf-report-1.7.4.jar;C:\Users\prave\.m2\repository\tech\grasshopper\cucumber-pdf-report\2.2.4\cucumber-pdf-report-2.2.4.jar;C:\Users\prave\.m2\repository\org\apache\pdfbox\pdfbox\2.0.22\pdfbox-2.0.22.jar;C:\Users\prave\.m2\repository\org\apache\pdfbox\fontbox\2.0.22\fontbox-2.0.22.jar;C:\Users\prave\.m2\repository\org\knowm\xchart\xchart\3.8.0\xchart-3.8.0.jar;C:\Users\prave\.m2\repository\de\erichseifert\vectorgraphics2d\VectorGraphics2D\0.13\VectorGraphics2D-0.13.jar;C:\Users\prave\.m2\repository\de\rototor\pdfbox\graphics2d\0.30\graphics2d-0.30.jar;C:\Users\prave\.m2\repository\com\madgag\animated-gif-lib\1.4\animated-gif-lib-1.4.jar;C:\Users\prave\.m2\repository\org\yaml\snakeyaml\1.28\snakeyaml-1.28.jar;C:\Users\prave\.m2\repository\tech\grasshopper\table-layout\1.2.0\table-layout-1.2.0.jar;C:\Users\prave\.m2\repository\org\jsoup\jsoup\1.13.1\jsoup-1.13.1.jar;C:\Users\prave\.m2\repository\com\aventstack\klov-reporter\5.0.9\klov-reporter-5.0.9.jar;C:\Users\prave\.m2\repository\org\mongodb\bson\3.6.4\bson-3.6.4.jar;C:\Users\prave\.m2\repository\org\apache\httpcomponents\httpclient\4.5.13\httpclient-4.5.13.jar;C:\Users\prave\.m2\repository\org\apache\httpcomponents\httpcore\4.4.13\httpcore-4.4.13.jar;C:\Users\prave\.m2\repository\commons-logging\commons-logging\1.2\commons-logging-1.2.jar;C:\Users\prave\.m2\repository\org\apache\httpcomponents\httpmime\4.5.13\httpmime-4.5.13.jar;C:\Users\prave\.m2\repository\tech\grasshopper\htmlextentreporter\1.0.0\htmlextentreporter-1.0.0.jar;C:\Users\prave\.m2\repository\org\mongodb\mongodb-driver\3.3.0\mongodb-driver-3.3.0.jar;C:\Users\prave\.m2\repository\org\mongodb\mongodb-driver-core\3.3.0\mongodb-driver-core-3.3.0.jar;C:\Users\prave\.m2\repository\io\cucumber\cucumber-junit\4.2.3\cucumber-junit-4.2.3.jar;C:\Users\prave\.m2\repository\io\cucumber\cucumber-core\4.2.3\cucumber-core-4.2.3.jar;C:\Users\prave\.m2\repository\io\cucumber\cucumber-html\0.2.7\cucumber-html-0.2.7.jar;C:\Users\prave\.m2\repository\io\cucumber\gherkin\5.1.0\gherkin-5.1.0.jar;C:\Users\prave\.m2\repository\io\cucumber\tag-expressions\1.1.1\tag-expressions-1.1.1.jar;C:\Users\prave\.m2\repository\io\cucumber\cucumber-expressions\6.2.0\cucumber-expressions-6.2.0.jar;C:\Users\prave\.m2\repository\io\cucumber\datatable\1.1.12\datatable-1.1.12.jar;C:\Users\prave\.m2\repository\io\cucumber\datatable-dependencies\1.1.12\datatable-dependencies-1.1.12.jar;C:\Users\prave\.m2\repository\io\cucumber\cucumber-java\4.2.3\cucumber-java-4.2.3.jar;C:\Users\prave\.m2\repository\junit\junit\4.13.1\junit-4.13.1.jar;C:\Users\prave\.m2\repository\org\hamcrest\hamcrest-core\1.3\hamcrest-core-1.3.jar;C:\Users\prave\.m2\repository\org\apache\maven\plugins\maven-compiler-plugin\3.10.1\maven-compiler-plugin-3.10.1.jar;C:\Users\prave\.m2\repository\org\apache\maven\shared\maven-shared-utils\3.3.4\maven-shared-utils-3.3.4.jar;C:\Users\prave\.m2\repository\org\apache\maven\shared\maven-shared-incremental\1.1\maven-shared-incremental-1.1.jar;C:\Users\prave\.m2\repository\org\codehaus\plexus\plexus-component-annotations\1.5.5\plexus-component-annotations-1.5.5.jar;C:\Users\prave\.m2\repository\org\codehaus\plexus\plexus-java\1.1.1\plexus-java-1.1.1.jar;C:\Users\prave\.m2\repository\org\ow2\asm\asm\9.2\asm-9.2.jar;C:\Users\prave\.m2\repository\com\thoughtworks\qdox\qdox\2.0.1\qdox-2.0.1.jar;C:\Users\prave\.m2\repository\org\codehaus\plexus\plexus-compiler-api\2.11.1\plexus-compiler-api-2.11.1.jar;C:\Users\prave\.m2\repository\org\codehaus\plexus\plexus-utils\3.4.1\plexus-utils-3.4.1.jar;C:\Users\prave\.m2\repository\org\codehaus\plexus\plexus-compiler-manager\2.11.1\plexus-compiler-manager-2.11.1.jar;C:\Users\prave\.m2\repository\org\codehaus\plexus\plexus-compiler-javac\2.11.1\plexus-compiler-javac-2.11.1.jar;"/>
    <property name="sun.cpu.endian" value="little"/>
    <property name="user.home" value="C:\Users\prave"/>
    <property name="user.language" value="en"/>
    <property name="java.specification.vendor" value="Oracle Corporation"/>
    <property name="java.version.date" value="2021-07-20"/>
    <property name="java.home" value="C:\Users\prave\.p2\pool\plugins\org.eclipse.justj.openjdk.hotspot.jre.full.win32.x86_64_16.0.2.v20210721-1149\jre"/>
    <property name="file.separator" value="\"/>
    <property name="basedir" value="C:\Users\prave\eclipse-workspace\Comprehensive_BBD_Framework"/>
    <property name="java.vm.compressedOopsMode" value="32-bit"/>
    <property name="line.separator" value="&#10;"/>
    <property name="java.vm.specification.vendor" value="Oracle Corporation"/>
    <property name="java.specification.name" value="Java Platform API Specification"/>
    <property name="surefire.real.class.path" value="C:\Users\prave\AppData\Local\Temp\surefire12687993017296706144\surefirebooter16223864533269776630.jar"/>
    <property name="user.script" value=""/>
    <property name="sun.management.compiler" value="HotSpot 64-Bit Tiered Compilers"/>
    <property name="java.runtime.version" value="16.0.2+7-67"/>
    <property name="user.name" value="prave"/>
    <property name="path.separator" value=";"/>
    <property name="os.version" value="10.0"/>
    <property name="java.runtime.name" value="OpenJDK Runtime Environment"/>
    <property name="file.encoding" value="Cp1252"/>
    <property name="java.vm.name" value="OpenJDK 64-Bit Server VM"/>
    <property name="localRepository" value="C:\Users\prave\.m2\repository"/>
    <property name="java.vendor.url.bug" value="https://bugreport.java.com/bugreport/"/>
    <property name="java.io.tmpdir" value="C:\Users\prave\AppData\Local\Temp\"/>
    <property name="java.version" value="16.0.2"/>
    <property name="user.dir" value="C:\Users\prave\eclipse-workspace\Comprehensive_BBD_Framework"/>
    <property name="os.arch" value="amd64"/>
    <property name="java.vm.specification.name" value="Java Virtual Machine Specification"/>
    <property name="sun.os.patch.level" value=""/>
    <property name="java.library.path" value="C:\Users\prave\.p2\pool\plugins\org.eclipse.justj.openjdk.hotspot.jre.full.win32.x86_64_16.0.2.v20210721-1149\jre\bin;C:\Windows\Sun\Java\bin;C:\Windows\system32;C:\Windows;C:/Users/prave/.p2/pool/plugins/org.eclipse.justj.openjdk.hotspot.jre.full.win32.x86_64_16.0.2.v20210721-1149/jre/bin/server;C:/Users/prave/.p2/pool/plugins/org.eclipse.justj.openjdk.hotspot.jre.full.win32.x86_64_16.0.2.v20210721-1149/jre/bin;C:\ProgramData\Oracle\Java\javapath;C:\Windows\system32;C:\Windows;C:\Windows\System32\Wbem;C:\Windows\System32\WindowsPowerShell\v1.0\;C:\Windows\System32\OpenSSH\;C:\Program Files (x86)\NVIDIA Corporation\PhysX\Common;C:\Program Files\NVIDIA Corporation\NVIDIA NvDLISR;C:\Program Files\Java\jdk1.8.0_101\bin;F:\Maven\apache-maven-3.8.4-bin\apache-maven-3.8.4\bin;C:\Program Files\Git\cmd;C:\Program Files\Notepad++;C:\Program Files\Perforce\;C:\Program Files\MySQL\MySQL Shell 8.0\bin\;C:\Users\prave\AppData\Local\Microsoft\WindowsApps;;C:\Users\prave\AppData\Local\Programs\Microsoft VS Code\bin;C:\Users\prave\OneDrive\Desktop;;."/>
    <property name="java.vm.info" value="mixed mode"/>
    <property name="java.vendor" value="Oracle Corporation"/>
    <property name="java.vm.version" value="16.0.2+7-67"/>
    <property name="sun.io.unicode.encoding" value="UnicodeLittle"/>
    <property name="java.class.version" value="60.0"/>
  </properties>
  <testcase name="click on about us in footer and goto Twitter" classname="Contatc Us" time="9.289">
    <system-out><![CDATA[&amp#27;[32m.&amp#27;[0m2022-03-26 08:55:46 INFO  BaseClass:19 - Open NoBroker
2022-03-26 08:55:48 INFO  BaseClass:19 - NoBroker as opened
&amp#27;[32m.&amp#27;[0m2022-03-26 08:55:48 INFO  Footer:19 - Clicking on About Us
2022-03-26 08:55:49 INFO  Footer:19 - About Us page has opened
&amp#27;[32m.&amp#27;[0m2022-03-26 08:55:49 INFO  HomePage:19 - Clicking on Contact Us
2022-03-26 08:55:50 INFO  HomePage:19 - Contact Us section is open
2022-03-26 08:55:50 INFO  HomePage:19 - Clicking on twitter icon in contact us
2022-03-26 08:55:52 INFO  HomePage:19 - Twitter has opened
&amp#27;[32m.&amp#27;[0m&amp#27;[32m.&amp#27;[0m]]></system-out>
    <system-err><![CDATA[Starting ChromeDriver 98.0.4758.80 (7f0488e8ba0d8e019187c6325a16c29d9b7f4989-refs/branch-heads/4758@{#972}) on port 13306
Only local connections are allowed.
Please see https://chromedriver.chromium.org/security-considerations for suggestions on keeping ChromeDriver safe.
ChromeDriver was started successfully.
[1648265145.851][WARNING]: This version of ChromeDriver has not been tested with Chrome version 99.
Mar 26, 2022 8:55:45 AM org.openqa.selenium.remote.ProtocolHandshake createSession
INFO: Detected dialect: W3C
log4j:WARN No such property [maxBackupIndex] in org.apache.log4j.DailyRollingFileAppender.
log4j:WARN No such property [maxFileSize] in org.apache.log4j.DailyRollingFileAppender.
log4j:ERROR Could not find value for key log4j.appender.DEBUG
log4j:ERROR Could not instantiate appender named "DEBUG".
log4j:ERROR Failed to rename [./Logs/nobroker.log] to [./Logs/nobroker.log.2022-03-25 17:47:57].
]]></system-err>
  </testcase>
  <testcase name="search property to buy open property article" classname="search property" time="9.131">
    <system-out><![CDATA[&amp#27;[32m.&amp#27;[0m2022-03-26 08:55:54 INFO  BaseClass:19 - Open NoBroker
2022-03-26 08:55:56 INFO  BaseClass:19 - NoBroker as opened
&amp#27;[32m.&amp#27;[0m2022-03-26 08:55:56 INFO  HomePage:19 - Clicking on buy option
2022-03-26 08:55:56 INFO  HomePage:19 - buy is selected
&amp#27;[32m.&amp#27;[0m2022-03-26 08:55:56 INFO  HomePage:19 - Clicking on city dropdown and selecting Mumbai
2022-03-26 08:55:57 INFO  HomePage:19 - Mumbai selected
&amp#27;[32m.&amp#27;[0m2022-03-26 08:55:57 INFO  HomePage:19 - Clicking on dropdown and selecting 1 BHK
2022-03-26 08:55:57 INFO  HomePage:19 - 1 BHK is selected
2022-03-26 08:55:57 INFO  HomePage:19 - Clicking on dropdown and selecting Ready
2022-03-26 08:55:57 INFO  HomePage:19 - Ready is selected
&amp#27;[32m.&amp#27;[0m2022-03-26 08:55:57 INFO  HomePage:19 - Typing Colaba, Mumbai, Maharashtra, India in search bar and clicking on search button
2022-03-26 08:56:00 INFO  HomePage:19 - Property list page is  opened
&amp#27;[32m.&amp#27;[0m2022-03-26 08:56:00 INFO  HomePage:19 - Clicking on a property artical
2022-03-26 08:56:01 INFO  HomePage:19 - Property article opened in another page
&amp#27;[32m.&amp#27;[0m2022-03-26 08:56:01 INFO  HomePage:19 - Clicking on photos
2022-03-26 08:56:01 INFO  HomePage:19 - Photo Lighbox of the property has opened
&amp#27;[32m.&amp#27;[0m&amp#27;[32m.&amp#27;[0m]]></system-out>
    <system-err><![CDATA[Starting ChromeDriver 98.0.4758.80 (7f0488e8ba0d8e019187c6325a16c29d9b7f4989-refs/branch-heads/4758@{#972}) on port 2377
Only local connections are allowed.
Please see https://chromedriver.chromium.org/security-considerations for suggestions on keeping ChromeDriver safe.
ChromeDriver was started successfully.
[1648265154.431][WARNING]: This version of ChromeDriver has not been tested with Chrome version 99.
Mar 26, 2022 8:55:54 AM org.openqa.selenium.remote.ProtocolHandshake createSession
INFO: Detected dialect: W3C
log4j:ERROR Failed to rename [./Logs/nobroker.log] to [./Logs/nobroker.log.2022-03-26 08:55:46].
]]></system-err>
  </testcase>
  <testcase name="search property to buy open properties map" classname="search property" time="10.702">
    <system-out><![CDATA[&amp#27;[32m.&amp#27;[0m2022-03-26 08:56:03 INFO  BaseClass:19 - Open NoBroker
2022-03-26 08:56:05 INFO  BaseClass:19 - NoBroker as opened
&amp#27;[32m.&amp#27;[0m2022-03-26 08:56:05 INFO  HomePage:19 - Clicking on buy option
2022-03-26 08:56:06 INFO  HomePage:19 - buy is selected
&amp#27;[32m.&amp#27;[0m2022-03-26 08:56:06 INFO  HomePage:19 - Clicking on city dropdown and selecting Mumbai
2022-03-26 08:56:06 INFO  HomePage:19 - Mumbai selected
&amp#27;[32m.&amp#27;[0m2022-03-26 08:56:06 INFO  HomePage:19 - Clicking on dropdown and selecting 1 BHK
2022-03-26 08:56:07 INFO  HomePage:19 - 1 BHK is selected
2022-03-26 08:56:07 INFO  HomePage:19 - Clicking on dropdown and selecting Ready
2022-03-26 08:56:07 INFO  HomePage:19 - Ready is selected
&amp#27;[32m.&amp#27;[0m2022-03-26 08:56:07 INFO  HomePage:19 - Typing Colaba, Mumbai, Maharashtra, India in search bar and clicking on search button
2022-03-26 08:56:09 INFO  HomePage:19 - Property list page is  opened
&amp#27;[32m.&amp#27;[0m2022-03-26 08:56:09 INFO  HomePage:19 - Clicking on map display
2022-03-26 08:56:10 INFO  HomePage:19 - map is selected
2022-03-26 08:56:10 INFO  HomePage:19 - Clicking on fullscreen button on the map
2022-03-26 08:56:12 INFO  HomePage:19 - Map has opened in fullscreen
&amp#27;[32m.&amp#27;[0m&amp#27;[32m.&amp#27;[0m]]></system-out>
    <system-err><![CDATA[Starting ChromeDriver 98.0.4758.80 (7f0488e8ba0d8e019187c6325a16c29d9b7f4989-refs/branch-heads/4758@{#972}) on port 32941
Only local connections are allowed.
Please see https://chromedriver.chromium.org/security-considerations for suggestions on keeping ChromeDriver safe.
ChromeDriver was started successfully.
[1648265163.526][WARNING]: This version of ChromeDriver has not been tested with Chrome version 99.
Mar 26, 2022 8:56:03 AM org.openqa.selenium.remote.ProtocolHandshake createSession
INFO: Detected dialect: W3C
]]></system-err>
  </testcase>
  <testcase name="search property to buy open properties map" classname="search property" time="11.216">
    <system-out><![CDATA[&amp#27;[32m.&amp#27;[0m2022-03-26 08:56:23 INFO  BaseClass:19 - Open NoBroker
2022-03-26 08:56:25 INFO  BaseClass:19 - NoBroker as opened
&amp#27;[32m.&amp#27;[0m2022-03-26 08:56:25 INFO  HomePage:19 - Clicking on commercial option
2022-03-26 08:56:26 INFO  HomePage:19 - commercial is selected
&amp#27;[32m.&amp#27;[0m2022-03-26 08:56:26 INFO  HomePage:19 - Clicking on city dropdown and selecting Pune
2022-03-26 08:56:26 INFO  HomePage:19 - Pune selected
&amp#27;[32m.&amp#27;[0m2022-03-26 08:56:26 INFO  HomePage:19 - Clicking on buy option
2022-03-26 08:56:26 INFO  HomePage:19 - buy is selected
&amp#27;[32m.&amp#27;[0m2022-03-26 08:56:26 INFO  HomePage:19 - Clicking on dropdown and selecting Office Space
2022-03-26 08:56:27 INFO  HomePage:19 - Office Space is selected
&amp#27;[32m.&amp#27;[0m2022-03-26 08:56:27 INFO  HomePage:19 - Typing Kothrud, Pune, Maharashtra, India in search bar and clicking on search button
2022-03-26 08:56:29 INFO  HomePage:19 - Property list page is  opened
&amp#27;[32m.&amp#27;[0m2022-03-26 08:56:29 INFO  HomePage:19 - Clicking on map display
2022-03-26 08:56:30 INFO  HomePage:19 - map is selected
2022-03-26 08:56:30 INFO  HomePage:19 - Clicking on fullscreen button on the map
2022-03-26 08:56:33 INFO  HomePage:19 - Map has opened in fullscreen
&amp#27;[32m.&amp#27;[0m&amp#27;[32m.&amp#27;[0m]]></system-out>
    <system-err><![CDATA[Starting ChromeDriver 98.0.4758.80 (7f0488e8ba0d8e019187c6325a16c29d9b7f4989-refs/branch-heads/4758@{#972}) on port 35658
Only local connections are allowed.
Please see https://chromedriver.chromium.org/security-considerations for suggestions on keeping ChromeDriver safe.
ChromeDriver was started successfully.
[1648265183.745][WARNING]: This version of ChromeDriver has not been tested with Chrome version 99.
Mar 26, 2022 8:56:23 AM org.openqa.selenium.remote.ProtocolHandshake createSession
INFO: Detected dialect: W3C
]]></system-err>
  </testcase>
  <testcase name="search property for commercial open property article" classname="search property" time="9.451">
    <system-out><![CDATA[&amp#27;[32m.&amp#27;[0m2022-03-26 08:56:14 INFO  BaseClass:19 - Open NoBroker
2022-03-26 08:56:16 INFO  BaseClass:19 - NoBroker as opened
&amp#27;[32m.&amp#27;[0m2022-03-26 08:56:16 INFO  HomePage:19 - Clicking on commercial option
2022-03-26 08:56:16 INFO  HomePage:19 - commercial is selected
&amp#27;[32m.&amp#27;[0m2022-03-26 08:56:16 INFO  HomePage:19 - Clicking on city dropdown and selecting Pune
2022-03-26 08:56:17 INFO  HomePage:19 - Pune selected
&amp#27;[32m.&amp#27;[0m2022-03-26 08:56:17 INFO  HomePage:19 - Clicking on buy option
2022-03-26 08:56:17 INFO  HomePage:19 - buy is selected
&amp#27;[32m.&amp#27;[0m2022-03-26 08:56:17 INFO  HomePage:19 - Clicking on dropdown and selecting Office Space
2022-03-26 08:56:18 INFO  HomePage:19 - Office Space is selected
&amp#27;[32m.&amp#27;[0m2022-03-26 08:56:18 INFO  HomePage:19 - Typing Kothrud, Pune, Maharashtra, India in search bar and clicking on search button
2022-03-26 08:56:20 INFO  HomePage:19 - Property list page is  opened
&amp#27;[32m.&amp#27;[0m2022-03-26 08:56:20 INFO  HomePage:19 - Clicking on a property artical
2022-03-26 08:56:21 INFO  HomePage:19 - Property article opened in another page
&amp#27;[32m.&amp#27;[0m2022-03-26 08:56:21 INFO  HomePage:19 - Clicking on photos
2022-03-26 08:56:22 INFO  HomePage:19 - Photo Lighbox of the property has opened
&amp#27;[32m.&amp#27;[0m&amp#27;[32m.&amp#27;[0m]]></system-out>
    <system-err><![CDATA[Starting ChromeDriver 98.0.4758.80 (7f0488e8ba0d8e019187c6325a16c29d9b7f4989-refs/branch-heads/4758@{#972}) on port 12982
Only local connections are allowed.
Please see https://chromedriver.chromium.org/security-considerations for suggestions on keeping ChromeDriver safe.
ChromeDriver was started successfully.
[1648265174.236][WARNING]: This version of ChromeDriver has not been tested with Chrome version 99.
Mar 26, 2022 8:56:14 AM org.openqa.selenium.remote.ProtocolHandshake createSession
INFO: Detected dialect: W3C
]]></system-err>
  </testcase>
  <testcase name="search property to rent open property article" classname="search property" time="9.82">
    <system-out><![CDATA[&amp#27;[32m.&amp#27;[0m2022-03-26 08:56:51 INFO  BaseClass:19 - Open NoBroker
2022-03-26 08:56:53 INFO  BaseClass:19 - NoBroker as opened
&amp#27;[32m.&amp#27;[0m2022-03-26 08:56:53 INFO  HomePage:19 - Clicking on rent option
2022-03-26 08:56:54 INFO  HomePage:19 - rent is selected
&amp#27;[32m.&amp#27;[0m2022-03-26 08:56:54 INFO  HomePage:19 - Clicking on city dropdown and selecting Bangalore
2022-03-26 08:56:54 INFO  HomePage:19 - Bangalore selected
&amp#27;[32m.&amp#27;[0m2022-03-26 08:56:54 INFO  HomePage:19 - Clicking on full house option
2022-03-26 08:56:54 INFO  HomePage:19 - full house is selected
&amp#27;[32m.&amp#27;[0m2022-03-26 08:56:54 INFO  HomePage:19 - Clicking on dropdown and selecting 1 RK
2022-03-26 08:56:54 INFO  HomePage:19 - 1 RK is selected
2022-03-26 08:56:54 INFO  HomePage:19 - Clicking on dropdown and selecting Immediate
2022-03-26 08:56:55 INFO  HomePage:19 - Immediate is selected
&amp#27;[32m.&amp#27;[0m2022-03-26 08:56:55 INFO  HomePage:19 - Typing Basavanagudi, Bengaluru, Karnataka, India in search bar and clicking on search button
2022-03-26 08:56:57 INFO  HomePage:19 - Property list page is  opened
&amp#27;[32m.&amp#27;[0m2022-03-26 08:56:57 INFO  HomePage:19 - Clicking on a property artical
2022-03-26 08:56:58 INFO  HomePage:19 - Property article opened in another page
&amp#27;[32m.&amp#27;[0m2022-03-26 08:56:58 INFO  HomePage:19 - Clicking on photos
2022-03-26 08:56:59 INFO  HomePage:19 - Photo Lighbox of the property has opened
&amp#27;[32m.&amp#27;[0m&amp#27;[32m.&amp#27;[0m]]></system-out>
    <system-err><![CDATA[Starting ChromeDriver 98.0.4758.80 (7f0488e8ba0d8e019187c6325a16c29d9b7f4989-refs/branch-heads/4758@{#972}) on port 45127
Only local connections are allowed.
Please see https://chromedriver.chromium.org/security-considerations for suggestions on keeping ChromeDriver safe.
ChromeDriver was started successfully.
[1648265211.264][WARNING]: This version of ChromeDriver has not been tested with Chrome version 99.
Mar 26, 2022 8:56:51 AM org.openqa.selenium.remote.ProtocolHandshake createSession
INFO: Detected dialect: W3C
]]></system-err>
  </testcase>
  <testcase name="search property to rent open property map" classname="search property" time="11.597">
    <system-out><![CDATA[&amp#27;[32m.&amp#27;[0m2022-03-26 08:57:01 INFO  BaseClass:19 - Open NoBroker
2022-03-26 08:57:03 INFO  BaseClass:19 - NoBroker as opened
&amp#27;[32m.&amp#27;[0m2022-03-26 08:57:03 INFO  HomePage:19 - Clicking on rent option
2022-03-26 08:57:04 INFO  HomePage:19 - rent is selected
&amp#27;[32m.&amp#27;[0m2022-03-26 08:57:04 INFO  HomePage:19 - Clicking on city dropdown and selecting Bangalore
2022-03-26 08:57:04 INFO  HomePage:19 - Bangalore selected
&amp#27;[32m.&amp#27;[0m2022-03-26 08:57:04 INFO  HomePage:19 - Clicking on full house option
2022-03-26 08:57:04 INFO  HomePage:19 - full house is selected
&amp#27;[32m.&amp#27;[0m2022-03-26 08:57:04 INFO  HomePage:19 - Clicking on dropdown and selecting 1 RK
2022-03-26 08:57:04 INFO  HomePage:19 - 1 RK is selected
2022-03-26 08:57:04 INFO  HomePage:19 - Clicking on dropdown and selecting Immediate
2022-03-26 08:57:05 INFO  HomePage:19 - Immediate is selected
&amp#27;[32m.&amp#27;[0m2022-03-26 08:57:05 INFO  HomePage:19 - Typing Basavanagudi, Bengaluru, Karnataka, India in search bar and clicking on search button
2022-03-26 08:57:06 INFO  HomePage:19 - Property list page is  opened
&amp#27;[32m.&amp#27;[0m2022-03-26 08:57:06 INFO  HomePage:19 - Clicking on map display
2022-03-26 08:57:08 INFO  HomePage:19 - map is selected
2022-03-26 08:57:08 INFO  HomePage:19 - Clicking on fullscreen button on the map
2022-03-26 08:57:10 INFO  HomePage:19 - Map has opened in fullscreen
&amp#27;[32m.&amp#27;[0m&amp#27;[32m.&amp#27;[0m]]></system-out>
    <system-err><![CDATA[Starting ChromeDriver 98.0.4758.80 (7f0488e8ba0d8e019187c6325a16c29d9b7f4989-refs/branch-heads/4758@{#972}) on port 10793
Only local connections are allowed.
Please see https://chromedriver.chromium.org/security-considerations for suggestions on keeping ChromeDriver safe.
ChromeDriver was started successfully.
[1648265221.095][WARNING]: This version of ChromeDriver has not been tested with Chrome version 99.
Mar 26, 2022 8:57:01 AM org.openqa.selenium.remote.ProtocolHandshake createSession
INFO: Detected dialect: W3C
log4j:ERROR Failed to rename [./Logs/nobroker.log] to [./Logs/nobroker.log.2022-03-26 08:56:00].
]]></system-err>
  </testcase>
  <testcase name="click on emi calculator in footer and calculate emi" classname="Emi calculator" time="6.537">
    <system-out><![CDATA[&amp#27;[32m.&amp#27;[0m2022-03-26 08:56:35 INFO  BaseClass:19 - Open NoBroker
2022-03-26 08:56:37 INFO  BaseClass:19 - NoBroker as opened
&amp#27;[32m.&amp#27;[0m2022-03-26 08:56:37 INFO  Footer:19 - Clicking on emi calculator
2022-03-26 08:56:39 INFO  Footer:19 - Emi calculator page has opened
&amp#27;[32m.&amp#27;[0m2022-03-26 08:56:39 INFO  HomePage:19 - Entering 200040 loan amount
&amp#27;[32m.&amp#27;[0m2022-03-26 08:56:39 INFO  HomePage:19 - Entering 10 rate of interest
&amp#27;[32m.&amp#27;[0m2022-03-26 08:56:39 INFO  HomePage:19 - Entering 30 loan tenure
&amp#27;[32m.&amp#27;[0m2022-03-26 08:56:40 INFO  HomePage:19 - Emi is calculated
&amp#27;[32m.&amp#27;[0m&amp#27;[32m.&amp#27;[0m]]></system-out>
    <system-err><![CDATA[Starting ChromeDriver 98.0.4758.80 (7f0488e8ba0d8e019187c6325a16c29d9b7f4989-refs/branch-heads/4758@{#972}) on port 11912
Only local connections are allowed.
Please see https://chromedriver.chromium.org/security-considerations for suggestions on keeping ChromeDriver safe.
ChromeDriver was started successfully.
[1648265194.972][WARNING]: This version of ChromeDriver has not been tested with Chrome version 99.
Mar 26, 2022 8:56:35 AM org.openqa.selenium.remote.ProtocolHandshake createSession
INFO: Detected dialect: W3C
]]></system-err>
  </testcase>
  <testcase name="click on menu and goto wallet" classname="Interior" time="9.802">
    <system-out><![CDATA[&amp#27;[32m.&amp#27;[0m&amp#27;[32m.&amp#27;[0m2022-03-26 08:56:41 INFO  BaseClass:19 - Open NoBroker
2022-03-26 08:56:43 INFO  BaseClass:19 - NoBroker as opened
&amp#27;[32m.&amp#27;[0m2022-03-26 08:56:43 INFO  HomePage:19 - Clicking on Hamburger menu
2022-03-26 08:56:43 INFO  HomePage:19 - Menu is open
&amp#27;[32m.&amp#27;[0m2022-03-26 08:56:43 INFO  HomePage:19 - Clicking on Home Services and Interiors
2022-03-26 08:56:48 INFO  HomePage:19 - Interiors page has opened
&amp#27;[32m.&amp#27;[0m2022-03-26 08:56:48 INFO  HomePage:19 - Clicking on Rooms to see photos
2022-03-26 08:56:50 INFO  HomePage:19 - Room photos are displayed
&amp#27;[32m.&amp#27;[0m&amp#27;[32m.&amp#27;[0m]]></system-out>
    <system-err><![CDATA[Starting ChromeDriver 98.0.4758.80 (7f0488e8ba0d8e019187c6325a16c29d9b7f4989-refs/branch-heads/4758@{#972}) on port 46916
Only local connections are allowed.
Please see https://chromedriver.chromium.org/security-considerations for suggestions on keeping ChromeDriver safe.
ChromeDriver was started successfully.
[1648265201.463][WARNING]: This version of ChromeDriver has not been tested with Chrome version 99.
Mar 26, 2022 8:56:41 AM org.openqa.selenium.remote.ProtocolHandshake createSession
INFO: Detected dialect: W3C
]]></system-err>
  </testcase>
  <testcase name="click on menu and goto wallet" classname="Wallet" time="4.69">
    <system-out><![CDATA[&amp#27;[32m.&amp#27;[0m&amp#27;[32m.&amp#27;[0m2022-03-26 08:57:13 INFO  BaseClass:19 - Open NoBroker
2022-03-26 08:57:14 INFO  BaseClass:19 - NoBroker as opened
&amp#27;[32m.&amp#27;[0m2022-03-26 08:57:14 INFO  HomePage:19 - Clicking on Hamburger menu
2022-03-26 08:57:14 INFO  HomePage:19 - Menu is open
&amp#27;[32m.&amp#27;[0m2022-03-26 08:57:14 INFO  HomePage:19 - Clicking on NBcash and wallet summary
2022-03-26 08:57:15 INFO  HomePage:19 - Wallet Summary page has opened
&amp#27;[32m.&amp#27;[0m2022-03-26 08:57:15 INFO  HomePage:19 - Cliking on Join club
2022-03-26 08:57:16 INFO  HomePage:19 - Wallet club page has opened
&amp#27;[32m.&amp#27;[0m&amp#27;[32m.&amp#27;[0m]]></system-out>
    <system-err><![CDATA[Starting ChromeDriver 98.0.4758.80 (7f0488e8ba0d8e019187c6325a16c29d9b7f4989-refs/branch-heads/4758@{#972}) on port 5565
Only local connections are allowed.
Please see https://chromedriver.chromium.org/security-considerations for suggestions on keeping ChromeDriver safe.
ChromeDriver was started successfully.
[1648265232.678][WARNING]: This version of ChromeDriver has not been tested with Chrome version 99.
Mar 26, 2022 8:57:12 AM org.openqa.selenium.remote.ProtocolHandshake createSession
INFO: Detected dialect: W3C
]]></system-err>
  </testcase>
</testsuite>